/* automatically generated by mkerrcod.pl */

/*
 *	cfg error codes
 */
#define E_CFG0 "no error, must be 0 (zero) !\n"
#define E_CFG1 "passed argument(s) invalid\n"
#define E_CFG2 "out of memory\n"
#define E_CFG3 "output file not open\n"
#define E_CFG4 "general access error\n"
#define E_CFG5 "cannot open file\n"
#define E_CFG6 "INI file already opened\n"
#define E_CFG7 "user home directory does not exist\n"
#define E_CFG8 "key not found\n"
#define E_CFG9 "section/value already exists\n"
#define E_CFG10 "no section/value to advance to\n"
#define E_CFG11 "unrecoverable change of INI file\n"
#define E_CFG12 "line is a comment\n"
#define E_CFG13 "ill-formed line in INI file\n"
#define E_CFG14 "no user INI file\n"
#define E_CFG15 "cannot write to INI file\n"
#define E_CFG16 "cannot read from INI file\n"

/* end of cfg error codes */


