
# Critical error national customization file
#
#	Language: Swedish / CP850
#	Author:   Oscar Molin <oscarmolin@telia.com>
# 

#
## Primary strings
S2
BLOCK_DEVICE: Fel %1 enhet %A: %2 omrÕde: %3
S3
CHAR_DEVICE: Fel %1 enhet %A: %3

## kind of operation
S0
READ: lõser frÕn
S1
WRITE: skriver till

## kind of failed area of block devices
S4
DOS: DOS
S5
FAT: FAT
S6
ROOT: Rot
S7
DATA: Data

## action strings
S8
IGNORE: (I)gnorera
S9
RETRY: (N)ytt f÷rs÷k
S10
ABORT: (A)vbryt
S11
FAIL: (F)ortsõtt
## keys associated with the actions
S14 (compacted)
KEYS_IGNORE: iI
KEYS_RETRY:  rR
KEYS_ABORT:  aA
KEYS_FAIL:   fF
## embedded strings
S12
QUESTION:  ? %.
S13
DELIMITER: , %.

## Error strings
UNKNOWN: Okõnd fel-kod
S15
0: f÷rs÷k att bryta skrivskyddet
1: okõnd typ f÷r drivrutin
2: enhet inte klar
3: drivrutin fick okõnt kommando
4: datafel (fel CRC)
5: ogiltig strukturlõngd pÕ drivrutinsbegõran
6: s÷kfel
7: okõnd mediatyp
8: sektorn hittades inte
9: slut pÕ papper i skrivaren
10: skrivfel
11: lõsfel
12: allmõnt fel
13: delningsfel
14: lÕs fel
15: felaktigt diskbyte
16: FCB ej tillgõnglig
17: delningsbuffer overflow
18: codepage stõmmer inte
19: ingen input
20: otillrõckligt diskutrymme
